<?xml version="1.0" encoding="UTF-8"?>
<!-- Generated by org.testng.reporters.JUnitReportReporter -->
<testsuite hostname="Prudhvis-Air" failures="0" tests="1" name="prudhvi.tests.ErrorValidationss" time="2.557" errors="0" timestamp="2023-10-13T17:42:11 IST" skipped="0">
  <testcase classname="prudhvi.tests.ErrorValidationss" name="Submitorder" time="2.557"/>
</testsuite> <!-- prudhvi.tests.ErrorValidationss -->
