<?xml version="1.0" encoding="UTF-8"?>
<!-- Generated by org.testng.reporters.JUnitReportReporter -->
<testsuite hostname="Prudhvis-Air" failures="0" tests="1" name="prudhvi.tests.Submitorderpage" time="16.081" errors="0" timestamp="2023-10-13T17:11:58 IST" skipped="0">
  <testcase classname="prudhvi.tests.Submitorderpage" name="Submitorder" time="16.081"/>
</testsuite> <!-- prudhvi.tests.Submitorderpage -->
